\BOOKMARK [-1][-]{part.1}{I Risk Modeller's Toolkit}{}% 1
\BOOKMARK [0][-]{chapter.1}{Nonlinear Static Method with dispersion information}{part.1}% 2
\BOOKMARK [1][-]{section.1.1}{How to use the NSP}{chapter.1}% 3
\BOOKMARK [2][-]{subsection.1.1.1}{Options}{section.1.1}% 4
\BOOKMARK [1][-]{section.1.2}{CR-based procedure}{chapter.1}% 5
\BOOKMARK [2][-]{subsection.1.2.1}{Theoretical background}{section.1.2}% 6
\BOOKMARK [3][-]{subsubsection.1.2.1.1}{Single Building Fragility and Vulnerability function}{subsection.1.2.1}% 7
\BOOKMARK [3][-]{subsubsection.1.2.1.2}{Multiple-Building Fragility and Vulnerability function}{subsection.1.2.1}% 8
\BOOKMARK [2][-]{subsection.1.2.2}{Inputs}{section.1.2}% 9
\BOOKMARK [2][-]{subsection.1.2.3}{Calculation Steps}{section.1.2}% 10
\BOOKMARK [1][-]{section.1.3}{Spo2ida-based procedure}{chapter.1}% 11
\BOOKMARK [2][-]{subsection.1.3.1}{Theoretical background}{section.1.3}% 12
\BOOKMARK [3][-]{subsubsection.1.3.1.1}{Single-building Fragility and Vulnerability function}{subsection.1.3.1}% 13
\BOOKMARK [3][-]{subsubsection.1.3.1.2}{Multiple-Building Fragility and Vulnerability function}{subsection.1.3.1}% 14
\BOOKMARK [2][-]{subsection.1.3.2}{Inputs}{section.1.3}% 15
\BOOKMARK [2][-]{subsection.1.3.3}{Calculation Steps}{section.1.3}% 16
\BOOKMARK [1][-]{section.1.4}{R\205T procedure}{chapter.1}% 17
\BOOKMARK [2][-]{subsection.1.4.1}{Theoretical background}{section.1.4}% 18
\BOOKMARK [3][-]{subsubsection.1.4.1.1}{Single Building Fragility and Vulnerability function}{subsection.1.4.1}% 19
\BOOKMARK [3][-]{subsubsection.1.4.1.2}{Multiple Building Fragility and Vulnerability function}{subsection.1.4.1}% 20
\BOOKMARK [2][-]{subsection.1.4.2}{Inputs}{section.1.4}% 21
\BOOKMARK [2][-]{subsection.1.4.3}{Calculation Steps}{section.1.4}% 22
\BOOKMARK [0][-]{chapter.2}{Nonlinear Dynamic Method}{part.1}% 23
\BOOKMARK [1][-]{section.2.1}{Nonlinear Dynamic Method for a class of buildings}{chapter.2}% 24
\BOOKMARK [1][-]{section.2.2}{DPM-based procedure}{chapter.2}% 25
\BOOKMARK [2][-]{subsection.2.2.1}{How to use the NDM}{section.2.2}% 26
\BOOKMARK [2][-]{subsection.2.2.2}{Theoretical background}{section.2.2}% 27
\BOOKMARK [2][-]{subsection.2.2.3}{Options}{section.2.2}% 28
\BOOKMARK [2][-]{subsection.2.2.4}{Inputs}{section.2.2}% 29
\BOOKMARK [2][-]{subsection.2.2.5}{Calculations}{section.2.2}% 30
